<?xml version="1.0" encoding="UTF-8"?>
<!-- Generated by org.testng.reporters.JUnitReportReporter -->
<testsuite hostname="DESKTOP-LEVL40O" failures="0" tests="1" name="orangehrmfeatures.OrangeHRMRunner" time="8.491" errors="0" timestamp="2023-10-30T13:00:12 IST" skipped="0">
  <testcase classname="orangehrmfeatures.OrangeHRMRunner" name="runScenario" time="8.491"/>
  <system-out/>
</testsuite> <!-- orangehrmfeatures.OrangeHRMRunner -->
